<?xml version="1.0" encoding="UTF-8"?>
<testsuite xmlns:xsi="http://www.w3.org/2001/XMLSchema-instance" xsi:noNamespaceSchemaLocation="https://maven.apache.org/surefire/maven-failsafe-plugin/xsd/failsafe-test-report-3.0.xsd" version="3.0" name="AddressResolverIT" time="1.313" tests="2" errors="0" skipped="0" failures="0">
  <properties>
    <property name="java.specification.version" value="17"/>
    <property name="sun.cpu.isalist" value="amd64"/>
    <property name="sun.jnu.encoding" value="Cp1252"/>
    <property name="java.class.path" value="C:\Users\D\Desktop\TQS\TQS_1082998\lab2\lab2_2\geocoding\target\test-classes;C:\Users\D\Desktop\TQS\TQS_1082998\lab2\lab2_2\geocoding\target\geocoding-1.0-SNAPSHOT.jar;C:\Users\D\.m2\repository\org\junit\jupiter\junit-jupiter\5.9.2\junit-jupiter-5.9.2.jar;C:\Users\D\.m2\repository\org\junit\jupiter\junit-jupiter-api\5.9.2\junit-jupiter-api-5.9.2.jar;C:\Users\D\.m2\repository\org\opentest4j\opentest4j\1.2.0\opentest4j-1.2.0.jar;C:\Users\D\.m2\repository\org\junit\platform\junit-platform-commons\1.9.2\junit-platform-commons-1.9.2.jar;C:\Users\D\.m2\repository\org\apiguardian\apiguardian-api\1.1.2\apiguardian-api-1.1.2.jar;C:\Users\D\.m2\repository\org\junit\jupiter\junit-jupiter-params\5.9.2\junit-jupiter-params-5.9.2.jar;C:\Users\D\.m2\repository\org\junit\jupiter\junit-jupiter-engine\5.9.2\junit-jupiter-engine-5.9.2.jar;C:\Users\D\.m2\repository\org\junit\platform\junit-platform-engine\1.9.2\junit-platform-engine-1.9.2.jar;C:\Users\D\.m2\repository\org\mockito\mockito-junit-jupiter\5.1.1\mockito-junit-jupiter-5.1.1.jar;C:\Users\D\.m2\repository\org\mockito\mockito-core\5.1.1\mockito-core-5.1.1.jar;C:\Users\D\.m2\repository\net\bytebuddy\byte-buddy\1.12.22\byte-buddy-1.12.22.jar;C:\Users\D\.m2\repository\net\bytebuddy\byte-buddy-agent\1.12.22\byte-buddy-agent-1.12.22.jar;C:\Users\D\.m2\repository\org\objenesis\objenesis\3.3\objenesis-3.3.jar;C:\Users\D\.m2\repository\org\slf4j\slf4j-api\2.0.6\slf4j-api-2.0.6.jar;C:\Users\D\.m2\repository\ch\qos\logback\logback-classic\1.4.5\logback-classic-1.4.5.jar;C:\Users\D\.m2\repository\ch\qos\logback\logback-core\1.4.5\logback-core-1.4.5.jar;C:\Users\D\.m2\repository\org\apache\httpcomponents\httpclient\4.5.13\httpclient-4.5.13.jar;C:\Users\D\.m2\repository\org\apache\httpcomponents\httpcore\4.4.13\httpcore-4.4.13.jar;C:\Users\D\.m2\repository\commons-logging\commons-logging\1.2\commons-logging-1.2.jar;C:\Users\D\.m2\repository\commons-codec\commons-codec\1.11\commons-codec-1.11.jar;C:\Users\D\.m2\repository\com\googlecode\json-simple\json-simple\1.1.1\json-simple-1.1.1.jar;C:\Users\D\.m2\repository\junit\junit\4.10\junit-4.10.jar;C:\Users\D\.m2\repository\org\hamcrest\hamcrest-core\1.1\hamcrest-core-1.1.jar;"/>
    <property name="java.vm.vendor" value="Eclipse Adoptium"/>
    <property name="sun.arch.data.model" value="64"/>
    <property name="user.variant" value=""/>
    <property name="java.vendor.url" value="https://adoptium.net/"/>
    <property name="user.timezone" value="Europe/Lisbon"/>
    <property name="user.country.format" value="PT"/>
    <property name="os.name" value="Windows 11"/>
    <property name="java.vm.specification.version" value="17"/>
    <property name="sun.java.launcher" value="SUN_STANDARD"/>
    <property name="user.country" value="US"/>
    <property name="sun.boot.library.path" value="C:\Program Files\Eclipse Adoptium\jdk-17.0.10.7-hotspot\bin"/>
    <property name="sun.java.command" value="C:\Users\D\AppData\Local\Temp\surefire6841930311849588816\surefirebooter-20240227220057351_3.jar C:\Users\D\AppData\Local\Temp\surefire6841930311849588816 2024-02-27T22-00-57_279-jvmRun1 surefire-20240227220057351_1tmp surefire_0-20240227220057351_2tmp"/>
    <property name="jdk.debug" value="release"/>
    <property name="surefire.test.class.path" value="C:\Users\D\Desktop\TQS\TQS_1082998\lab2\lab2_2\geocoding\target\test-classes;C:\Users\D\Desktop\TQS\TQS_1082998\lab2\lab2_2\geocoding\target\geocoding-1.0-SNAPSHOT.jar;C:\Users\D\.m2\repository\org\junit\jupiter\junit-jupiter\5.9.2\junit-jupiter-5.9.2.jar;C:\Users\D\.m2\repository\org\junit\jupiter\junit-jupiter-api\5.9.2\junit-jupiter-api-5.9.2.jar;C:\Users\D\.m2\repository\org\opentest4j\opentest4j\1.2.0\opentest4j-1.2.0.jar;C:\Users\D\.m2\repository\org\junit\platform\junit-platform-commons\1.9.2\junit-platform-commons-1.9.2.jar;C:\Users\D\.m2\repository\org\apiguardian\apiguardian-api\1.1.2\apiguardian-api-1.1.2.jar;C:\Users\D\.m2\repository\org\junit\jupiter\junit-jupiter-params\5.9.2\junit-jupiter-params-5.9.2.jar;C:\Users\D\.m2\repository\org\junit\jupiter\junit-jupiter-engine\5.9.2\junit-jupiter-engine-5.9.2.jar;C:\Users\D\.m2\repository\org\junit\platform\junit-platform-engine\1.9.2\junit-platform-engine-1.9.2.jar;C:\Users\D\.m2\repository\org\mockito\mockito-junit-jupiter\5.1.1\mockito-junit-jupiter-5.1.1.jar;C:\Users\D\.m2\repository\org\mockito\mockito-core\5.1.1\mockito-core-5.1.1.jar;C:\Users\D\.m2\repository\net\bytebuddy\byte-buddy\1.12.22\byte-buddy-1.12.22.jar;C:\Users\D\.m2\repository\net\bytebuddy\byte-buddy-agent\1.12.22\byte-buddy-agent-1.12.22.jar;C:\Users\D\.m2\repository\org\objenesis\objenesis\3.3\objenesis-3.3.jar;C:\Users\D\.m2\repository\org\slf4j\slf4j-api\2.0.6\slf4j-api-2.0.6.jar;C:\Users\D\.m2\repository\ch\qos\logback\logback-classic\1.4.5\logback-classic-1.4.5.jar;C:\Users\D\.m2\repository\ch\qos\logback\logback-core\1.4.5\logback-core-1.4.5.jar;C:\Users\D\.m2\repository\org\apache\httpcomponents\httpclient\4.5.13\httpclient-4.5.13.jar;C:\Users\D\.m2\repository\org\apache\httpcomponents\httpcore\4.4.13\httpcore-4.4.13.jar;C:\Users\D\.m2\repository\commons-logging\commons-logging\1.2\commons-logging-1.2.jar;C:\Users\D\.m2\repository\commons-codec\commons-codec\1.11\commons-codec-1.11.jar;C:\Users\D\.m2\repository\com\googlecode\json-simple\json-simple\1.1.1\json-simple-1.1.1.jar;C:\Users\D\.m2\repository\junit\junit\4.10\junit-4.10.jar;C:\Users\D\.m2\repository\org\hamcrest\hamcrest-core\1.1\hamcrest-core-1.1.jar;"/>
    <property name="sun.cpu.endian" value="little"/>
    <property name="user.home" value="C:\Users\D"/>
    <property name="user.language" value="en"/>
    <property name="java.specification.vendor" value="Oracle Corporation"/>
    <property name="java.version.date" value="2024-01-16"/>
    <property name="java.home" value="C:\Program Files\Eclipse Adoptium\jdk-17.0.10.7-hotspot"/>
    <property name="file.separator" value="\"/>
    <property name="basedir" value="C:\Users\D\Desktop\TQS\TQS_1082998\lab2\lab2_2\geocoding"/>
    <property name="java.vm.compressedOopsMode" value="Zero based"/>
    <property name="line.separator" value="&#10;"/>
    <property name="java.vm.specification.vendor" value="Oracle Corporation"/>
    <property name="java.specification.name" value="Java Platform API Specification"/>
    <property name="surefire.real.class.path" value="C:\Users\D\AppData\Local\Temp\surefire6841930311849588816\surefirebooter-20240227220057351_3.jar"/>
    <property name="user.script" value=""/>
    <property name="sun.management.compiler" value="HotSpot 64-Bit Tiered Compilers"/>
    <property name="java.runtime.version" value="17.0.10+7"/>
    <property name="user.name" value="D"/>
    <property name="path.separator" value=";"/>
    <property name="os.version" value="10.0"/>
    <property name="java.runtime.name" value="OpenJDK Runtime Environment"/>
    <property name="file.encoding" value="Cp1252"/>
    <property name="java.vm.name" value="OpenJDK 64-Bit Server VM"/>
    <property name="java.vendor.version" value="Temurin-17.0.10+7"/>
    <property name="localRepository" value="C:\Users\D\.m2\repository"/>
    <property name="java.vendor.url.bug" value="https://github.com/adoptium/adoptium-support/issues"/>
    <property name="java.io.tmpdir" value="C:\Users\D\AppData\Local\Temp\"/>
    <property name="java.version" value="17.0.10"/>
    <property name="user.dir" value="C:\Users\D\Desktop\TQS\TQS_1082998\lab2\lab2_2\geocoding"/>
    <property name="os.arch" value="amd64"/>
    <property name="java.vm.specification.name" value="Java Virtual Machine Specification"/>
    <property name="user.language.format" value="pt"/>
    <property name="sun.os.patch.level" value=""/>
    <property name="native.encoding" value="Cp1252"/>
    <property name="java.library.path" value="C:\Program Files\Eclipse Adoptium\jdk-17.0.10.7-hotspot\bin;C:\Windows\Sun\Java\bin;C:\Windows\system32;C:\Windows;C:\Program Files\Eclipse Adoptium\jdk-17.0.10.7-hotspot\bin;C:\Windows\system32;C:\Windows;C:\Windows\System32\Wbem;C:\Windows\System32\WindowsPowerShell\v1.0\;C:\Windows\System32\OpenSSH\;C:\Program Files\Microsoft VS Code\bin;C:\Program Files\Git\cmd;C:\Program Files\Maven\apache-maven-3.9.6\bin;C:\Program Files\Maven\apache-maven-3.9.6\bin;C:\Users\D\AppData\Local\Programs\Python\Python312\Scripts\;C:\Users\D\AppData\Local\Programs\Python\Python312\;C:\Users\D\AppData\Local\Microsoft\WindowsApps;C:\Users\D\AppData\Local\GitHubDesktop\bin;C:\Program Files\Maven\apache-maven-3.9.6\bin;;."/>
    <property name="java.vm.info" value="mixed mode, sharing"/>
    <property name="java.vendor" value="Eclipse Adoptium"/>
    <property name="java.vm.version" value="17.0.10+7"/>
    <property name="sun.io.unicode.encoding" value="UnicodeLittle"/>
    <property name="java.class.version" value="61.0"/>
  </properties>
  <testcase name="testFindAddressOk" classname="AddressResolverIT" time="0.846">
    <system-err><![CDATA[fev. 27, 2024 10:00:58 DA TARDE tqs.labs.geocoding.AddressResolverService findAddressForLocation
INFO: {"info":{"statuscode":0,"copyright":{"text":"© 2024 MapQuest, Inc.","imageUrl":"http://api.mqcdn.com/res/mqlogo.gif","imageAltText":"© 2024 MapQuest, Inc."},"messages":[]},"options":{"maxResults":1,"ignoreLatLngInput":false},"results":[{"providedLocation":{"latLng":{"lat":39.64062,"lng":-8.67125}},"locations":[{"street":"80 Rua dos Pedros","adminArea6":"Fátima","adminArea6Type":"Neighborhood","adminArea5":"Ourém","adminArea5Type":"City","adminArea4":"Santarém","adminArea4Type":"County","adminArea3":"","adminArea3Type":"State","adminArea1":"PT","adminArea1Type":"Country","postalCode":"2495-651","geocodeQualityCode":"L1AAA","geocodeQuality":"ADDRESS","dragPoint":false,"sideOfStreet":"L","linkId":"0","unknownInput":"","type":"s","latLng":{"lat":39.64054,"lng":-8.67131},"displayLatLng":{"lat":39.64051,"lng":-8.67135},"mapUrl":""}]}]}
]]></system-err>
  </testcase>
  <testcase name="testBadAddress" classname="AddressResolverIT" time="0.459">
    <system-err><![CDATA[fev. 27, 2024 10:00:59 DA TARDE tqs.labs.geocoding.AddressResolverService findAddressForLocation
INFO: {"info":{"statuscode":400,"copyright":{"text":"© 2024 MapQuest, Inc.","imageUrl":"http://api.mqcdn.com/res/mqlogo.gif","imageAltText":"© 2024 MapQuest, Inc."},"messages":["Illegal argument from request: Invalid LatLng specified."]},"options":{"maxResults":1,"ignoreLatLngInput":false},"results":[{"providedLocation":{},"locations":[]}]}
]]></system-err>
  </testcase>
</testsuite>